[2023-01-28T01:59:32.883040+00:00] Logger.ERROR: No identifier/primary key specified for Entity "model\Message". Every Entity must have an identifier/primary key. [] []
[2023-01-28T02:06:22.023841+00:00] Logger.ERROR: No identifier/primary key specified for Entity "model\Message". Every Entity must have an identifier/primary key. [] []
[2023-01-28T02:06:56.439708+00:00] Logger.ERROR: No identifier/primary key specified for Entity "model\Message". Every Entity must have an identifier/primary key. [] []
[2023-01-28T02:07:15.963716+00:00] Logger.ERROR: No identifier/primary key specified for Entity "model\Message". Every Entity must have an identifier/primary key. [] []
[2023-01-28T02:08:09.282851+00:00] Logger.ERROR: No identifier/primary key specified for Entity "model\Message". Every Entity must have an identifier/primary key. [] []
[2023-01-28T02:09:19.291577+00:00] Logger.ERROR: No identifier/primary key specified for Entity "model\Message". Every Entity must have an identifier/primary key. [] []
[2023-01-28T02:10:19.543359+00:00] Logger.ERROR: An exception occurred in the driver: SQLSTATE[HY000] [2019] Unknown character set [] []
[2023-01-28T02:14:08.495178+00:00] Logger.ERROR: An exception occurred in the driver: SQLSTATE[HY000] [2019] Unknown character set [] []
[2023-01-28T02:15:43.579817+00:00] Logger.ERROR: An exception occurred in the driver: SQLSTATE[HY000] [2019] Unknown character set [] []
[2023-01-28T02:16:35.465122+00:00] Logger.ERROR: A new entity was found through the relationship 'model\Message#messageContent' that was not configured to cascade persist operations for entity: model\MessageContent@86. To solve this issue: Either explicitly call EntityManager#persist() on this unknown entity or configure cascade persist this association in the mapping for example @ManyToOne(..,cascade={"persist"}). If you cannot find out which entity causes the problem implement 'model\MessageContent#__toString()' to get a clue. [] []
[2023-01-28T02:18:33.704699+00:00] Logger.ERROR: A new entity was found through the relationship 'model\Message#messageContent' that was not configured to cascade persist operations for entity: model\MessageContent@86. To solve this issue: Either explicitly call EntityManager#persist() on this unknown entity or configure cascade persist this association in the mapping for example @ManyToOne(..,cascade={"persist"}). If you cannot find out which entity causes the problem implement 'model\MessageContent#__toString()' to get a clue. [] []
[2023-01-28T02:19:32.032565+00:00] Logger.ERROR: An exception occurred while executing a query: SQLSTATE[42S22]: Column not found: 1054 Unknown column 'messagecontent_id' in 'field list' [] []
[2023-01-28T02:21:30.970593+00:00] Logger.ERROR: An exception occurred while executing a query: SQLSTATE[22003]: Numeric value out of range: 1264 Out of range value for column 'sourcemsisdn' at row 1 [] []
[2023-01-28T02:22:35.436131+00:00] Logger.ERROR: An exception occurred while executing a query: SQLSTATE[22003]: Numeric value out of range: 1264 Out of range value for column 'sourcemsisdn' at row 1 [] []
[2023-01-28T02:24:07.325054+00:00] Logger.ERROR: An exception occurred while executing a query: SQLSTATE[22003]: Numeric value out of range: 1264 Out of range value for column 'sourcemsisdn' at row 1 [] []
[2023-01-28T02:27:00.093102+00:00] Logger.ERROR: An exception occurred while executing a query: SQLSTATE[22003]: Numeric value out of range: 1264 Out of range value for column 'sourcemsisdn' at row 1 [] []
[2023-01-28T05:04:54.094826+00:00] Logger.ERROR: Class 'Message' does not exist [] []
[2023-01-28T05:05:46.247475+00:00] Logger.ERROR: Class 'Message' does not exist [] []
[2023-01-28T05:12:33.676610+00:00] Logger.INFO: Test [] []
[2023-01-28T22:25:48.084828+00:00] Logger.WARNING: Message content from 447516729581received at 28/01/2023 02:35:26 is invalid it will be ignored! [] []
[2023-01-28T22:26:27.794096+00:00] Logger.WARNING: Message content from 447516729581received at 28/01/2023 02:35:26 is invalid it will be ignored! [] []
[2023-01-28T22:29:52.673508+00:00] Logger.WARNING: Message content from 447516729581received at 28/01/2023 02:35:26 is invalid it will be ignored! [] []
[2023-01-28T22:29:53.576747+00:00] Logger.WARNING: Message from 447516729581received at 28/01/2023 22:28:53 is invalid it will be ignored! [] []
[2023-01-28T22:32:40.660462+00:00] Logger.WARNING: Message content from 447516729581received at 28/01/2023 02:35:26 is invalid it will be ignored! [] []
[2023-01-28T22:32:46.000851+00:00] Logger.WARNING: Message from 447516729581received at 28/01/2023 22:28:53 is invalid it will be ignored! [] []
[2023-01-28T22:33:20.801520+00:00] Logger.WARNING: Message content from 447516729581received at 28/01/2023 02:35:26 is invalid it will be ignored! [] []
[2023-01-28T22:34:33.704319+00:00] Logger.WARNING: Message content from 447516729581received at 28/01/2023 02:35:26 is invalid it will be ignored! [] []
[2023-01-28T22:34:40.137568+00:00] Logger.WARNING: Message from 447516729581received at 28/01/2023 22:28:53 is invalid it will be ignored! [] []
[2023-01-28T22:36:57.021479+00:00] Logger.WARNING: Message from 447516729581received at 28/01/2023 22:36:39 is invalid it will be ignored! [] []
[2023-01-28T23:43:09.706877+00:00] Logger.WARNING: SOAP Request peekMessages returned null! [] []
[2023-01-28T23:45:21.734110+00:00] Logger.WARNING: SOAP Request peekMessages returned null! [] []
[2023-01-28T23:45:44.612476+00:00] Logger.WARNING: SOAP Request peekMessages returned null! [] []
[2023-01-28T23:57:32.710578+00:00] Logger.WARNING: SOAP Request peekMessages returned null! [] []
[2023-01-29T00:00:26.727578+00:00] Logger.WARNING: SOAP Request peekMessages returned null! [] []
[2023-01-29T00:01:22.422983+00:00] Logger.WARNING: SOAP Request peekMessages returned null! [] []
[2023-01-29T00:03:02.976460+00:00] Logger.WARNING: SOAP Request peekMessages returned null! [] []
[2023-01-29T00:04:36.062331+00:00] Logger.WARNING: SOAP Request peekMessages returned null! [] []
[2023-01-29T00:06:32.140418+00:00] Logger.WARNING: SOAP Request peekMessages returned null! [] []
